2022-02-05 10:00:54 DEBUG LoggingAspect:29 - controller method has been called - getAllGroups
2022-02-05 10:00:54 DEBUG LoggingAspect:37 - method call - List webservice.service.GroupManager.getGroupsName()
2022-02-05 10:00:54 DEBUG LoggingAspect:48 - reading json - readJsonFromUrl
2022-02-05 10:00:55 DEBUG LoggingAspect:53 - json data read successfully
2022-02-05 10:00:55 DEBUG LoggingAspect:41 - method - getGroupsName completed in 471 ms
2022-02-05 10:00:55 DEBUG LoggingAspect:42 - return value - [121-61ф-112, 132-61ф-76, 136-61ф-104, ак-01, ак-01мп, ак-01ф, ак-02, ак-04, ак-11, ак-11мн, ак-11мп, ак-11ф, ак-12, ак-13, ак-91, ак-з01мп, ак-з11, ак-з11мп, ал-01, ал-01мн, ал-01мп, ал-01ф, ал-02, ал-03, ал-11, ал-11мн, ал-11мп, ал-11ф (ар), ал-11ф (ар), ал-13, ал-91, ал-93, ал-94, ал-в11ф, ал-з01, ал-з01мп, ал-з11 (), ал-з11 (), ал-з91, ал-з91мп, ал-п01, ал-п11, ам-01, ам-11, ам-81 (тпу), ам-81 (тпу), ам-91, ам-з11, ам-з91, ам-з91мп, ас-01, ас-01мп, ас-01ф, ас-02, ас-11, ас-11мп, ас-11ф, ас-12, ас-91, ас-92, ас-в11ф, ас-з01мп, ас-з11ф, ас-п01, ат-01, ат-11, ат-11мн, ат-11мп, ат-12, атд-11мп, ат-з11, ат-п11, бб-11, бб-11мн, бб-11мп, бб-11ф, бб-12, бб-12ф, бб-з11мп, бб-з11ф, бб-з12ф, бе-01, бе-01мн, бе-01мп, бе-01ф, бе-81, бе-91, бе-з01мп, бі-01, бі-01мн, бі-01мп, бі-11, бі-11мн, бі-11мп, бі-81, бі-в01ф, бі-в11ф, бі-з01мп, бі-з11, бі-з11мп]
2022-02-05 10:00:55 DEBUG LoggingAspect:31 - controller method completed successfully - getAllGroups
2022-02-05 10:00:58 DEBUG LoggingAspect:29 - controller method has been called - getAllGroups
2022-02-05 10:00:58 DEBUG LoggingAspect:37 - method call - List webservice.service.GroupManager.getGroupsName()
2022-02-05 10:00:58 DEBUG LoggingAspect:48 - reading json - readJsonFromUrl
2022-02-05 10:00:58 DEBUG LoggingAspect:53 - json data read successfully
2022-02-05 10:00:58 DEBUG LoggingAspect:41 - method - getGroupsName completed in 80 ms
2022-02-05 10:00:58 DEBUG LoggingAspect:42 - return value - [121-61ф-112, 132-61ф-76, 136-61ф-104, ак-01, ак-01мп, ак-01ф, ак-02, ак-04, ак-11, ак-11мн, ак-11мп, ак-11ф, ак-12, ак-13, ак-91, ак-з01мп, ак-з11, ак-з11мп, ал-01, ал-01мн, ал-01мп, ал-01ф, ал-02, ал-03, ал-11, ал-11мн, ал-11мп, ал-11ф (ар), ал-11ф (ар), ал-13, ал-91, ал-93, ал-94, ал-в11ф, ал-з01, ал-з01мп, ал-з11 (), ал-з11 (), ал-з91, ал-з91мп, ал-п01, ал-п11, ам-01, ам-11, ам-81 (тпу), ам-81 (тпу), ам-91, ам-з11, ам-з91, ам-з91мп, ас-01, ас-01мп, ас-01ф, ас-02, ас-11, ас-11мп, ас-11ф, ас-12, ас-91, ас-92, ас-в11ф, ас-з01мп, ас-з11ф, ас-п01, ат-01, ат-11, ат-11мн, ат-11мп, ат-12, атд-11мп, ат-з11, ат-п11, бб-11, бб-11мн, бб-11мп, бб-11ф, бб-12, бб-12ф, бб-з11мп, бб-з11ф, бб-з12ф, бе-01, бе-01мн, бе-01мп, бе-01ф, бе-81, бе-91, бе-з01мп, бі-01, бі-01мн, бі-01мп, бі-11, бі-11мн, бі-11мп, бі-81, бі-в01ф, бі-в11ф, бі-з01мп, бі-з11, бі-з11мп]
2022-02-05 10:00:58 DEBUG LoggingAspect:31 - controller method completed successfully - getAllGroups
2022-02-05 10:01:07 DEBUG LoggingAspect:29 - controller method has been called - getGroup
2022-02-05 10:01:07 DEBUG LoggingAspect:37 - method call - Group webservice.service.GroupManager.getGroup(String)
2022-02-05 10:01:07 DEBUG LoggingAspect:48 - reading json - readJsonFromUrl
2022-02-05 10:01:07 DEBUG LoggingAspect:53 - json data read successfully
2022-02-05 10:01:07 DEBUG LoggingAspect:41 - method - getGroup completed in 148 ms
2022-02-05 10:01:07 DEBUG LoggingAspect:42 - return value - Group{id=82, fullName='бе-01', url='http://rozklad.kpi.ua/Schedules/ViewSchedule.aspx?g=b2735990-9f97-4874-83c2-010696ac9cfb'}
2022-02-05 10:01:07 DEBUG LoggingAspect:31 - controller method completed successfully - getGroup
2022-02-05 10:01:14 DEBUG LoggingAspect:29 - controller method has been called - getAllGroups
2022-02-05 10:01:14 DEBUG LoggingAspect:37 - method call - List webservice.service.GroupManager.getGroupsName()
2022-02-05 10:01:14 DEBUG LoggingAspect:48 - reading json - readJsonFromUrl
2022-02-05 10:01:14 DEBUG LoggingAspect:53 - json data read successfully
2022-02-05 10:01:14 DEBUG LoggingAspect:41 - method - getGroupsName completed in 167 ms
2022-02-05 10:01:14 DEBUG LoggingAspect:42 - return value - [121-61ф-112, 132-61ф-76, 136-61ф-104, ак-01, ак-01мп, ак-01ф, ак-02, ак-04, ак-11, ак-11мн, ак-11мп, ак-11ф, ак-12, ак-13, ак-91, ак-з01мп, ак-з11, ак-з11мп, ал-01, ал-01мн, ал-01мп, ал-01ф, ал-02, ал-03, ал-11, ал-11мн, ал-11мп, ал-11ф (ар), ал-11ф (ар), ал-13, ал-91, ал-93, ал-94, ал-в11ф, ал-з01, ал-з01мп, ал-з11 (), ал-з11 (), ал-з91, ал-з91мп, ал-п01, ал-п11, ам-01, ам-11, ам-81 (тпу), ам-81 (тпу), ам-91, ам-з11, ам-з91, ам-з91мп, ас-01, ас-01мп, ас-01ф, ас-02, ас-11, ас-11мп, ас-11ф, ас-12, ас-91, ас-92, ас-в11ф, ас-з01мп, ас-з11ф, ас-п01, ат-01, ат-11, ат-11мн, ат-11мп, ат-12, атд-11мп, ат-з11, ат-п11, бб-11, бб-11мн, бб-11мп, бб-11ф, бб-12, бб-12ф, бб-з11мп, бб-з11ф, бб-з12ф, бе-01, бе-01мн, бе-01мп, бе-01ф, бе-81, бе-91, бе-з01мп, бі-01, бі-01мн, бі-01мп, бі-11, бі-11мн, бі-11мп, бі-81, бі-в01ф, бі-в11ф, бі-з01мп, бі-з11, бі-з11мп]
2022-02-05 10:01:14 DEBUG LoggingAspect:31 - controller method completed successfully - getAllGroups
2022-02-05 10:22:31 DEBUG LoggingAspect:29 - controller method has been called - getAllGroups
2022-02-05 10:22:31 DEBUG LoggingAspect:37 - method call - List webservice.service.GroupManager.getGroupsName()
2022-02-05 10:22:31 DEBUG LoggingAspect:48 - reading json - readJsonFromUrl
2022-02-05 10:22:32 DEBUG LoggingAspect:53 - json data read successfully
2022-02-05 10:22:32 DEBUG LoggingAspect:41 - method - getGroupsName completed in 358 ms
2022-02-05 10:22:32 DEBUG LoggingAspect:42 - return value - [121-61ф-112, 132-61ф-76, 136-61ф-104, ак-01, ак-01мп, ак-01ф, ак-02, ак-04, ак-11, ак-11мн, ак-11мп, ак-11ф, ак-12, ак-13, ак-91, ак-з01мп, ак-з11, ак-з11мп, ал-01, ал-01мн, ал-01мп, ал-01ф, ал-02, ал-03, ал-11, ал-11мн, ал-11мп, ал-11ф (ар), ал-11ф (ар), ал-13, ал-91, ал-93, ал-94, ал-в11ф, ал-з01, ал-з01мп, ал-з11 (), ал-з11 (), ал-з91, ал-з91мп, ал-п01, ал-п11, ам-01, ам-11, ам-81 (тпу), ам-81 (тпу), ам-91, ам-з11, ам-з91, ам-з91мп, ас-01, ас-01мп, ас-01ф, ас-02, ас-11, ас-11мп, ас-11ф, ас-12, ас-91, ас-92, ас-в11ф, ас-з01мп, ас-з11ф, ас-п01, ат-01, ат-11, ат-11мн, ат-11мп, ат-12, атд-11мп, ат-з11, ат-п11, бб-11, бб-11мн, бб-11мп, бб-11ф, бб-12, бб-12ф, бб-з11мп, бб-з11ф, бб-з12ф, бе-01, бе-01мн, бе-01мп, бе-01ф, бе-81, бе-91, бе-з01мп, бі-01, бі-01мн, бі-01мп, бі-11, бі-11мн, бі-11мп, бі-81, бі-в01ф, бі-в11ф, бі-з01мп, бі-з11, бі-з11мп]
2022-02-05 10:22:32 DEBUG LoggingAspect:31 - controller method completed successfully - getAllGroups
2022-02-05 10:22:34 DEBUG LoggingAspect:29 - controller method has been called - getAllGroups
2022-02-05 10:22:34 DEBUG LoggingAspect:37 - method call - List webservice.service.GroupManager.getGroupsName()
2022-02-05 10:22:34 DEBUG LoggingAspect:48 - reading json - readJsonFromUrl
2022-02-05 10:22:34 DEBUG LoggingAspect:53 - json data read successfully
2022-02-05 10:22:34 DEBUG LoggingAspect:41 - method - getGroupsName completed in 78 ms
2022-02-05 10:22:34 DEBUG LoggingAspect:42 - return value - [121-61ф-112, 132-61ф-76, 136-61ф-104, ак-01, ак-01мп, ак-01ф, ак-02, ак-04, ак-11, ак-11мн, ак-11мп, ак-11ф, ак-12, ак-13, ак-91, ак-з01мп, ак-з11, ак-з11мп, ал-01, ал-01мн, ал-01мп, ал-01ф, ал-02, ал-03, ал-11, ал-11мн, ал-11мп, ал-11ф (ар), ал-11ф (ар), ал-13, ал-91, ал-93, ал-94, ал-в11ф, ал-з01, ал-з01мп, ал-з11 (), ал-з11 (), ал-з91, ал-з91мп, ал-п01, ал-п11, ам-01, ам-11, ам-81 (тпу), ам-81 (тпу), ам-91, ам-з11, ам-з91, ам-з91мп, ас-01, ас-01мп, ас-01ф, ас-02, ас-11, ас-11мп, ас-11ф, ас-12, ас-91, ас-92, ас-в11ф, ас-з01мп, ас-з11ф, ас-п01, ат-01, ат-11, ат-11мн, ат-11мп, ат-12, атд-11мп, ат-з11, ат-п11, бб-11, бб-11мн, бб-11мп, бб-11ф, бб-12, бб-12ф, бб-з11мп, бб-з11ф, бб-з12ф, бе-01, бе-01мн, бе-01мп, бе-01ф, бе-81, бе-91, бе-з01мп, бі-01, бі-01мн, бі-01мп, бі-11, бі-11мн, бі-11мп, бі-81, бі-в01ф, бі-в11ф, бі-з01мп, бі-з11, бі-з11мп]
2022-02-05 10:22:34 DEBUG LoggingAspect:31 - controller method completed successfully - getAllGroups
2022-02-05 10:23:13 DEBUG LoggingAspect:29 - controller method has been called - getAllGroups
2022-02-05 10:23:13 DEBUG LoggingAspect:37 - method call - List webservice.service.GroupManager.getGroupsName()
2022-02-05 10:23:13 DEBUG LoggingAspect:48 - reading json - readJsonFromUrl
2022-02-05 10:23:13 DEBUG LoggingAspect:53 - json data read successfully
2022-02-05 10:23:13 DEBUG LoggingAspect:41 - method - getGroupsName completed in 168 ms
2022-02-05 10:23:13 DEBUG LoggingAspect:42 - return value - [121-61ф-112, 132-61ф-76, 136-61ф-104, ак-01, ак-01мп, ак-01ф, ак-02, ак-04, ак-11, ак-11мн, ак-11мп, ак-11ф, ак-12, ак-13, ак-91, ак-з01мп, ак-з11, ак-з11мп, ал-01, ал-01мн, ал-01мп, ал-01ф, ал-02, ал-03, ал-11, ал-11мн, ал-11мп, ал-11ф (ар), ал-11ф (ар), ал-13, ал-91, ал-93, ал-94, ал-в11ф, ал-з01, ал-з01мп, ал-з11 (), ал-з11 (), ал-з91, ал-з91мп, ал-п01, ал-п11, ам-01, ам-11, ам-81 (тпу), ам-81 (тпу), ам-91, ам-з11, ам-з91, ам-з91мп, ас-01, ас-01мп, ас-01ф, ас-02, ас-11, ас-11мп, ас-11ф, ас-12, ас-91, ас-92, ас-в11ф, ас-з01мп, ас-з11ф, ас-п01, ат-01, ат-11, ат-11мн, ат-11мп, ат-12, атд-11мп, ат-з11, ат-п11, бб-11, бб-11мн, бб-11мп, бб-11ф, бб-12, бб-12ф, бб-з11мп, бб-з11ф, бб-з12ф, бе-01, бе-01мн, бе-01мп, бе-01ф, бе-81, бе-91, бе-з01мп, бі-01, бі-01мн, бі-01мп, бі-11, бі-11мн, бі-11мп, бі-81, бі-в01ф, бі-в11ф, бі-з01мп, бі-з11, бі-з11мп]
2022-02-05 10:23:13 DEBUG LoggingAspect:31 - controller method completed successfully - getAllGroups
2022-02-05 10:45:01 DEBUG LoggingAspect:29 - controller method has been called - getAllGroups
2022-02-05 10:45:02 DEBUG LoggingAspect:37 - method call - List webservice.service.GroupManager.getGroupsName()
2022-02-05 10:45:02 DEBUG LoggingAspect:48 - reading json - readJsonFromUrl
2022-02-05 10:45:02 DEBUG LoggingAspect:53 - json data read successfully
2022-02-05 10:45:02 DEBUG LoggingAspect:41 - method - getGroupsName completed in 362 ms
2022-02-05 10:45:02 DEBUG LoggingAspect:42 - return value - [121-61ф-112, 132-61ф-76, 136-61ф-104, ак-01, ак-01мп, ак-01ф, ак-02, ак-04, ак-11, ак-11мн, ак-11мп, ак-11ф, ак-12, ак-13, ак-91, ак-з01мп, ак-з11, ак-з11мп, ал-01, ал-01мн, ал-01мп, ал-01ф, ал-02, ал-03, ал-11, ал-11мн, ал-11мп, ал-11ф (ар), ал-11ф (ар), ал-13, ал-91, ал-93, ал-94, ал-в11ф, ал-з01, ал-з01мп, ал-з11 (), ал-з11 (), ал-з91, ал-з91мп, ал-п01, ал-п11, ам-01, ам-11, ам-81 (тпу), ам-81 (тпу), ам-91, ам-з11, ам-з91, ам-з91мп, ас-01, ас-01мп, ас-01ф, ас-02, ас-11, ас-11мп, ас-11ф, ас-12, ас-91, ас-92, ас-в11ф, ас-з01мп, ас-з11ф, ас-п01, ат-01, ат-11, ат-11мн, ат-11мп, ат-12, атд-11мп, ат-з11, ат-п11, бб-11, бб-11мн, бб-11мп, бб-11ф, бб-12, бб-12ф, бб-з11мп, бб-з11ф, бб-з12ф, бе-01, бе-01мн, бе-01мп, бе-01ф, бе-81, бе-91, бе-з01мп, бі-01, бі-01мн, бі-01мп, бі-11, бі-11мн, бі-11мп, бі-81, бі-в01ф, бі-в11ф, бі-з01мп, бі-з11, бі-з11мп]
2022-02-05 10:45:02 DEBUG LoggingAspect:31 - controller method completed successfully - getAllGroups
2022-02-05 10:45:03 DEBUG LoggingAspect:29 - controller method has been called - getAllGroups
2022-02-05 10:45:03 DEBUG LoggingAspect:37 - method call - List webservice.service.GroupManager.getGroupsName()
2022-02-05 10:45:03 DEBUG LoggingAspect:48 - reading json - readJsonFromUrl
2022-02-05 10:45:03 DEBUG LoggingAspect:53 - json data read successfully
2022-02-05 10:45:03 DEBUG LoggingAspect:41 - method - getGroupsName completed in 81 ms
2022-02-05 10:45:03 DEBUG LoggingAspect:42 - return value - [121-61ф-112, 132-61ф-76, 136-61ф-104, ак-01, ак-01мп, ак-01ф, ак-02, ак-04, ак-11, ак-11мн, ак-11мп, ак-11ф, ак-12, ак-13, ак-91, ак-з01мп, ак-з11, ак-з11мп, ал-01, ал-01мн, ал-01мп, ал-01ф, ал-02, ал-03, ал-11, ал-11мн, ал-11мп, ал-11ф (ар), ал-11ф (ар), ал-13, ал-91, ал-93, ал-94, ал-в11ф, ал-з01, ал-з01мп, ал-з11 (), ал-з11 (), ал-з91, ал-з91мп, ал-п01, ал-п11, ам-01, ам-11, ам-81 (тпу), ам-81 (тпу), ам-91, ам-з11, ам-з91, ам-з91мп, ас-01, ас-01мп, ас-01ф, ас-02, ас-11, ас-11мп, ас-11ф, ас-12, ас-91, ас-92, ас-в11ф, ас-з01мп, ас-з11ф, ас-п01, ат-01, ат-11, ат-11мн, ат-11мп, ат-12, атд-11мп, ат-з11, ат-п11, бб-11, бб-11мн, бб-11мп, бб-11ф, бб-12, бб-12ф, бб-з11мп, бб-з11ф, бб-з12ф, бе-01, бе-01мн, бе-01мп, бе-01ф, бе-81, бе-91, бе-з01мп, бі-01, бі-01мн, бі-01мп, бі-11, бі-11мн, бі-11мп, бі-81, бі-в01ф, бі-в11ф, бі-з01мп, бі-з11, бі-з11мп]
2022-02-05 10:45:03 DEBUG LoggingAspect:31 - controller method completed successfully - getAllGroups
2022-02-05 10:45:05 DEBUG LoggingAspect:29 - controller method has been called - getAllGroups
2022-02-05 10:45:05 DEBUG LoggingAspect:37 - method call - List webservice.service.GroupManager.getGroupsName()
2022-02-05 10:45:05 DEBUG LoggingAspect:48 - reading json - readJsonFromUrl
2022-02-05 10:45:05 DEBUG LoggingAspect:53 - json data read successfully
2022-02-05 10:45:05 DEBUG LoggingAspect:41 - method - getGroupsName completed in 78 ms
2022-02-05 10:45:05 DEBUG LoggingAspect:42 - return value - [121-61ф-112, 132-61ф-76, 136-61ф-104, ак-01, ак-01мп, ак-01ф, ак-02, ак-04, ак-11, ак-11мн, ак-11мп, ак-11ф, ак-12, ак-13, ак-91, ак-з01мп, ак-з11, ак-з11мп, ал-01, ал-01мн, ал-01мп, ал-01ф, ал-02, ал-03, ал-11, ал-11мн, ал-11мп, ал-11ф (ар), ал-11ф (ар), ал-13, ал-91, ал-93, ал-94, ал-в11ф, ал-з01, ал-з01мп, ал-з11 (), ал-з11 (), ал-з91, ал-з91мп, ал-п01, ал-п11, ам-01, ам-11, ам-81 (тпу), ам-81 (тпу), ам-91, ам-з11, ам-з91, ам-з91мп, ас-01, ас-01мп, ас-01ф, ас-02, ас-11, ас-11мп, ас-11ф, ас-12, ас-91, ас-92, ас-в11ф, ас-з01мп, ас-з11ф, ас-п01, ат-01, ат-11, ат-11мн, ат-11мп, ат-12, атд-11мп, ат-з11, ат-п11, бб-11, бб-11мн, бб-11мп, бб-11ф, бб-12, бб-12ф, бб-з11мп, бб-з11ф, бб-з12ф, бе-01, бе-01мн, бе-01мп, бе-01ф, бе-81, бе-91, бе-з01мп, бі-01, бі-01мн, бі-01мп, бі-11, бі-11мн, бі-11мп, бі-81, бі-в01ф, бі-в11ф, бі-з01мп, бі-з11, бі-з11мп]
2022-02-05 10:45:05 DEBUG LoggingAspect:31 - controller method completed successfully - getAllGroups
2022-02-05 10:45:06 DEBUG LoggingAspect:29 - controller method has been called - getAllGroups
2022-02-05 10:45:06 DEBUG LoggingAspect:37 - method call - List webservice.service.GroupManager.getGroupsName()
2022-02-05 10:45:06 DEBUG LoggingAspect:48 - reading json - readJsonFromUrl
2022-02-05 10:45:06 DEBUG LoggingAspect:53 - json data read successfully
2022-02-05 10:45:06 DEBUG LoggingAspect:41 - method - getGroupsName completed in 75 ms
2022-02-05 10:45:06 DEBUG LoggingAspect:42 - return value - [121-61ф-112, 132-61ф-76, 136-61ф-104, ак-01, ак-01мп, ак-01ф, ак-02, ак-04, ак-11, ак-11мн, ак-11мп, ак-11ф, ак-12, ак-13, ак-91, ак-з01мп, ак-з11, ак-з11мп, ал-01, ал-01мн, ал-01мп, ал-01ф, ал-02, ал-03, ал-11, ал-11мн, ал-11мп, ал-11ф (ар), ал-11ф (ар), ал-13, ал-91, ал-93, ал-94, ал-в11ф, ал-з01, ал-з01мп, ал-з11 (), ал-з11 (), ал-з91, ал-з91мп, ал-п01, ал-п11, ам-01, ам-11, ам-81 (тпу), ам-81 (тпу), ам-91, ам-з11, ам-з91, ам-з91мп, ас-01, ас-01мп, ас-01ф, ас-02, ас-11, ас-11мп, ас-11ф, ас-12, ас-91, ас-92, ас-в11ф, ас-з01мп, ас-з11ф, ас-п01, ат-01, ат-11, ат-11мн, ат-11мп, ат-12, атд-11мп, ат-з11, ат-п11, бб-11, бб-11мн, бб-11мп, бб-11ф, бб-12, бб-12ф, бб-з11мп, бб-з11ф, бб-з12ф, бе-01, бе-01мн, бе-01мп, бе-01ф, бе-81, бе-91, бе-з01мп, бі-01, бі-01мн, бі-01мп, бі-11, бі-11мн, бі-11мп, бі-81, бі-в01ф, бі-в11ф, бі-з01мп, бі-з11, бі-з11мп]
2022-02-05 10:45:06 DEBUG LoggingAspect:31 - controller method completed successfully - getAllGroups
2022-02-05 10:45:07 DEBUG LoggingAspect:29 - controller method has been called - getAllGroups
2022-02-05 10:45:07 DEBUG LoggingAspect:37 - method call - List webservice.service.GroupManager.getGroupsName()
2022-02-05 10:45:07 DEBUG LoggingAspect:48 - reading json - readJsonFromUrl
2022-02-05 10:45:07 DEBUG LoggingAspect:53 - json data read successfully
2022-02-05 10:45:07 DEBUG LoggingAspect:41 - method - getGroupsName completed in 78 ms
2022-02-05 10:45:07 DEBUG LoggingAspect:42 - return value - [121-61ф-112, 132-61ф-76, 136-61ф-104, ак-01, ак-01мп, ак-01ф, ак-02, ак-04, ак-11, ак-11мн, ак-11мп, ак-11ф, ак-12, ак-13, ак-91, ак-з01мп, ак-з11, ак-з11мп, ал-01, ал-01мн, ал-01мп, ал-01ф, ал-02, ал-03, ал-11, ал-11мн, ал-11мп, ал-11ф (ар), ал-11ф (ар), ал-13, ал-91, ал-93, ал-94, ал-в11ф, ал-з01, ал-з01мп, ал-з11 (), ал-з11 (), ал-з91, ал-з91мп, ал-п01, ал-п11, ам-01, ам-11, ам-81 (тпу), ам-81 (тпу), ам-91, ам-з11, ам-з91, ам-з91мп, ас-01, ас-01мп, ас-01ф, ас-02, ас-11, ас-11мп, ас-11ф, ас-12, ас-91, ас-92, ас-в11ф, ас-з01мп, ас-з11ф, ас-п01, ат-01, ат-11, ат-11мн, ат-11мп, ат-12, атд-11мп, ат-з11, ат-п11, бб-11, бб-11мн, бб-11мп, бб-11ф, бб-12, бб-12ф, бб-з11мп, бб-з11ф, бб-з12ф, бе-01, бе-01мн, бе-01мп, бе-01ф, бе-81, бе-91, бе-з01мп, бі-01, бі-01мн, бі-01мп, бі-11, бі-11мн, бі-11мп, бі-81, бі-в01ф, бі-в11ф, бі-з01мп, бі-з11, бі-з11мп]
2022-02-05 10:45:07 DEBUG LoggingAspect:31 - controller method completed successfully - getAllGroups
2022-02-05 10:45:08 DEBUG LoggingAspect:29 - controller method has been called - getAllGroups
2022-02-05 10:45:08 DEBUG LoggingAspect:37 - method call - List webservice.service.GroupManager.getGroupsName()
2022-02-05 10:45:08 DEBUG LoggingAspect:48 - reading json - readJsonFromUrl
2022-02-05 10:45:08 DEBUG LoggingAspect:53 - json data read successfully
2022-02-05 10:45:08 DEBUG LoggingAspect:41 - method - getGroupsName completed in 72 ms
2022-02-05 10:45:08 DEBUG LoggingAspect:42 - return value - [121-61ф-112, 132-61ф-76, 136-61ф-104, ак-01, ак-01мп, ак-01ф, ак-02, ак-04, ак-11, ак-11мн, ак-11мп, ак-11ф, ак-12, ак-13, ак-91, ак-з01мп, ак-з11, ак-з11мп, ал-01, ал-01мн, ал-01мп, ал-01ф, ал-02, ал-03, ал-11, ал-11мн, ал-11мп, ал-11ф (ар), ал-11ф (ар), ал-13, ал-91, ал-93, ал-94, ал-в11ф, ал-з01, ал-з01мп, ал-з11 (), ал-з11 (), ал-з91, ал-з91мп, ал-п01, ал-п11, ам-01, ам-11, ам-81 (тпу), ам-81 (тпу), ам-91, ам-з11, ам-з91, ам-з91мп, ас-01, ас-01мп, ас-01ф, ас-02, ас-11, ас-11мп, ас-11ф, ас-12, ас-91, ас-92, ас-в11ф, ас-з01мп, ас-з11ф, ас-п01, ат-01, ат-11, ат-11мн, ат-11мп, ат-12, атд-11мп, ат-з11, ат-п11, бб-11, бб-11мн, бб-11мп, бб-11ф, бб-12, бб-12ф, бб-з11мп, бб-з11ф, бб-з12ф, бе-01, бе-01мн, бе-01мп, бе-01ф, бе-81, бе-91, бе-з01мп, бі-01, бі-01мн, бі-01мп, бі-11, бі-11мн, бі-11мп, бі-81, бі-в01ф, бі-в11ф, бі-з01мп, бі-з11, бі-з11мп]
2022-02-05 10:45:08 DEBUG LoggingAspect:31 - controller method completed successfully - getAllGroups
2022-02-05 10:45:23 DEBUG LoggingAspect:29 - controller method has been called - getAllGroups
2022-02-05 10:45:23 DEBUG LoggingAspect:37 - method call - List webservice.service.GroupManager.getGroupsName()
2022-02-05 10:45:23 DEBUG LoggingAspect:48 - reading json - readJsonFromUrl
2022-02-05 10:45:23 DEBUG LoggingAspect:53 - json data read successfully
2022-02-05 10:45:23 DEBUG LoggingAspect:41 - method - getGroupsName completed in 371 ms
2022-02-05 10:45:23 DEBUG LoggingAspect:42 - return value - [121-61ф-112, 132-61ф-76, 136-61ф-104, ак-01, ак-01мп, ак-01ф, ак-02, ак-04, ак-11, ак-11мн, ак-11мп, ак-11ф, ак-12, ак-13, ак-91, ак-з01мп, ак-з11, ак-з11мп, ал-01, ал-01мн, ал-01мп, ал-01ф, ал-02, ал-03, ал-11, ал-11мн, ал-11мп, ал-11ф (ар), ал-11ф (ар), ал-13, ал-91, ал-93, ал-94, ал-в11ф, ал-з01, ал-з01мп, ал-з11 (), ал-з11 (), ал-з91, ал-з91мп, ал-п01, ал-п11, ам-01, ам-11, ам-81 (тпу), ам-81 (тпу), ам-91, ам-з11, ам-з91, ам-з91мп, ас-01, ас-01мп, ас-01ф, ас-02, ас-11, ас-11мп, ас-11ф, ас-12, ас-91, ас-92, ас-в11ф, ас-з01мп, ас-з11ф, ас-п01, ат-01, ат-11, ат-11мн, ат-11мп, ат-12, атд-11мп, ат-з11, ат-п11, бб-11, бб-11мн, бб-11мп, бб-11ф, бб-12, бб-12ф, бб-з11мп, бб-з11ф, бб-з12ф, бе-01, бе-01мн, бе-01мп, бе-01ф, бе-81, бе-91, бе-з01мп, бі-01, бі-01мн, бі-01мп, бі-11, бі-11мн, бі-11мп, бі-81, бі-в01ф, бі-в11ф, бі-з01мп, бі-з11, бі-з11мп]
2022-02-05 10:45:23 DEBUG LoggingAspect:31 - controller method completed successfully - getAllGroups
2022-02-05 10:45:24 DEBUG LoggingAspect:29 - controller method has been called - getAllGroups
2022-02-05 10:45:24 DEBUG LoggingAspect:37 - method call - List webservice.service.GroupManager.getGroupsName()
2022-02-05 10:45:24 DEBUG LoggingAspect:48 - reading json - readJsonFromUrl
2022-02-05 10:45:24 DEBUG LoggingAspect:53 - json data read successfully
2022-02-05 10:45:24 DEBUG LoggingAspect:41 - method - getGroupsName completed in 80 ms
2022-02-05 10:45:24 DEBUG LoggingAspect:42 - return value - [121-61ф-112, 132-61ф-76, 136-61ф-104, ак-01, ак-01мп, ак-01ф, ак-02, ак-04, ак-11, ак-11мн, ак-11мп, ак-11ф, ак-12, ак-13, ак-91, ак-з01мп, ак-з11, ак-з11мп, ал-01, ал-01мн, ал-01мп, ал-01ф, ал-02, ал-03, ал-11, ал-11мн, ал-11мп, ал-11ф (ар), ал-11ф (ар), ал-13, ал-91, ал-93, ал-94, ал-в11ф, ал-з01, ал-з01мп, ал-з11 (), ал-з11 (), ал-з91, ал-з91мп, ал-п01, ал-п11, ам-01, ам-11, ам-81 (тпу), ам-81 (тпу), ам-91, ам-з11, ам-з91, ам-з91мп, ас-01, ас-01мп, ас-01ф, ас-02, ас-11, ас-11мп, ас-11ф, ас-12, ас-91, ас-92, ас-в11ф, ас-з01мп, ас-з11ф, ас-п01, ат-01, ат-11, ат-11мн, ат-11мп, ат-12, атд-11мп, ат-з11, ат-п11, бб-11, бб-11мн, бб-11мп, бб-11ф, бб-12, бб-12ф, бб-з11мп, бб-з11ф, бб-з12ф, бе-01, бе-01мн, бе-01мп, бе-01ф, бе-81, бе-91, бе-з01мп, бі-01, бі-01мн, бі-01мп, бі-11, бі-11мн, бі-11мп, бі-81, бі-в01ф, бі-в11ф, бі-з01мп, бі-з11, бі-з11мп]
2022-02-05 10:45:24 DEBUG LoggingAspect:31 - controller method completed successfully - getAllGroups
2022-02-05 10:45:25 DEBUG LoggingAspect:29 - controller method has been called - getAllGroups
2022-02-05 10:45:25 DEBUG LoggingAspect:37 - method call - List webservice.service.GroupManager.getGroupsName()
2022-02-05 10:45:25 DEBUG LoggingAspect:48 - reading json - readJsonFromUrl
2022-02-05 10:45:26 DEBUG LoggingAspect:53 - json data read successfully
2022-02-05 10:45:26 DEBUG LoggingAspect:41 - method - getGroupsName completed in 128 ms
2022-02-05 10:45:26 DEBUG LoggingAspect:42 - return value - [121-61ф-112, 132-61ф-76, 136-61ф-104, ак-01, ак-01мп, ак-01ф, ак-02, ак-04, ак-11, ак-11мн, ак-11мп, ак-11ф, ак-12, ак-13, ак-91, ак-з01мп, ак-з11, ак-з11мп, ал-01, ал-01мн, ал-01мп, ал-01ф, ал-02, ал-03, ал-11, ал-11мн, ал-11мп, ал-11ф (ар), ал-11ф (ар), ал-13, ал-91, ал-93, ал-94, ал-в11ф, ал-з01, ал-з01мп, ал-з11 (), ал-з11 (), ал-з91, ал-з91мп, ал-п01, ал-п11, ам-01, ам-11, ам-81 (тпу), ам-81 (тпу), ам-91, ам-з11, ам-з91, ам-з91мп, ас-01, ас-01мп, ас-01ф, ас-02, ас-11, ас-11мп, ас-11ф, ас-12, ас-91, ас-92, ас-в11ф, ас-з01мп, ас-з11ф, ас-п01, ат-01, ат-11, ат-11мн, ат-11мп, ат-12, атд-11мп, ат-з11, ат-п11, бб-11, бб-11мн, бб-11мп, бб-11ф, бб-12, бб-12ф, бб-з11мп, бб-з11ф, бб-з12ф, бе-01, бе-01мн, бе-01мп, бе-01ф, бе-81, бе-91, бе-з01мп, бі-01, бі-01мн, бі-01мп, бі-11, бі-11мн, бі-11мп, бі-81, бі-в01ф, бі-в11ф, бі-з01мп, бі-з11, бі-з11мп]
2022-02-05 10:45:26 DEBUG LoggingAspect:31 - controller method completed successfully - getAllGroups
2022-02-05 10:45:27 DEBUG LoggingAspect:29 - controller method has been called - getAllGroups
2022-02-05 10:45:27 DEBUG LoggingAspect:37 - method call - List webservice.service.GroupManager.getGroupsName()
2022-02-05 10:45:27 DEBUG LoggingAspect:48 - reading json - readJsonFromUrl
2022-02-05 10:45:27 DEBUG LoggingAspect:53 - json data read successfully
2022-02-05 10:45:27 DEBUG LoggingAspect:41 - method - getGroupsName completed in 76 ms
2022-02-05 10:45:27 DEBUG LoggingAspect:42 - return value - [121-61ф-112, 132-61ф-76, 136-61ф-104, ак-01, ак-01мп, ак-01ф, ак-02, ак-04, ак-11, ак-11мн, ак-11мп, ак-11ф, ак-12, ак-13, ак-91, ак-з01мп, ак-з11, ак-з11мп, ал-01, ал-01мн, ал-01мп, ал-01ф, ал-02, ал-03, ал-11, ал-11мн, ал-11мп, ал-11ф (ар), ал-11ф (ар), ал-13, ал-91, ал-93, ал-94, ал-в11ф, ал-з01, ал-з01мп, ал-з11 (), ал-з11 (), ал-з91, ал-з91мп, ал-п01, ал-п11, ам-01, ам-11, ам-81 (тпу), ам-81 (тпу), ам-91, ам-з11, ам-з91, ам-з91мп, ас-01, ас-01мп, ас-01ф, ас-02, ас-11, ас-11мп, ас-11ф, ас-12, ас-91, ас-92, ас-в11ф, ас-з01мп, ас-з11ф, ас-п01, ат-01, ат-11, ат-11мн, ат-11мп, ат-12, атд-11мп, ат-з11, ат-п11, бб-11, бб-11мн, бб-11мп, бб-11ф, бб-12, бб-12ф, бб-з11мп, бб-з11ф, бб-з12ф, бе-01, бе-01мн, бе-01мп, бе-01ф, бе-81, бе-91, бе-з01мп, бі-01, бі-01мн, бі-01мп, бі-11, бі-11мн, бі-11мп, бі-81, бі-в01ф, бі-в11ф, бі-з01мп, бі-з11, бі-з11мп]
2022-02-05 10:45:27 DEBUG LoggingAspect:31 - controller method completed successfully - getAllGroups
2022-02-05 10:46:01 DEBUG LoggingAspect:29 - controller method has been called - getAllGroups
2022-02-05 10:46:01 DEBUG LoggingAspect:37 - method call - List webservice.service.GroupManager.getGroupsName()
2022-02-05 10:46:01 DEBUG LoggingAspect:48 - reading json - readJsonFromUrl
2022-02-05 10:46:02 DEBUG LoggingAspect:53 - json data read successfully
2022-02-05 10:46:02 DEBUG LoggingAspect:41 - method - getGroupsName completed in 341 ms
2022-02-05 10:46:02 DEBUG LoggingAspect:42 - return value - [121-61ф-112, 132-61ф-76, 136-61ф-104, ак-01, ак-01мп, ак-01ф, ак-02, ак-04, ак-11, ак-11мн, ак-11мп, ак-11ф, ак-12, ак-13, ак-91, ак-з01мп, ак-з11, ак-з11мп, ал-01, ал-01мн, ал-01мп, ал-01ф, ал-02, ал-03, ал-11, ал-11мн, ал-11мп, ал-11ф (ар), ал-11ф (ар), ал-13, ал-91, ал-93, ал-94, ал-в11ф, ал-з01, ал-з01мп, ал-з11 (), ал-з11 (), ал-з91, ал-з91мп, ал-п01, ал-п11, ам-01, ам-11, ам-81 (тпу), ам-81 (тпу), ам-91, ам-з11, ам-з91, ам-з91мп, ас-01, ас-01мп, ас-01ф, ас-02, ас-11, ас-11мп, ас-11ф, ас-12, ас-91, ас-92, ас-в11ф, ас-з01мп, ас-з11ф, ас-п01, ат-01, ат-11, ат-11мн, ат-11мп, ат-12, атд-11мп, ат-з11, ат-п11, бб-11, бб-11мн, бб-11мп, бб-11ф, бб-12, бб-12ф, бб-з11мп, бб-з11ф, бб-з12ф, бе-01, бе-01мн, бе-01мп, бе-01ф, бе-81, бе-91, бе-з01мп, бі-01, бі-01мн, бі-01мп, бі-11, бі-11мн, бі-11мп, бі-81, бі-в01ф, бі-в11ф, бі-з01мп, бі-з11, бі-з11мп]
2022-02-05 10:46:02 DEBUG LoggingAspect:31 - controller method completed successfully - getAllGroups
2022-02-05 10:46:03 DEBUG LoggingAspect:29 - controller method has been called - getAllGroups
2022-02-05 10:46:03 DEBUG LoggingAspect:37 - method call - List webservice.service.GroupManager.getGroupsName()
2022-02-05 10:46:03 DEBUG LoggingAspect:48 - reading json - readJsonFromUrl
2022-02-05 10:46:03 DEBUG LoggingAspect:53 - json data read successfully
2022-02-05 10:46:03 DEBUG LoggingAspect:41 - method - getGroupsName completed in 75 ms
2022-02-05 10:46:03 DEBUG LoggingAspect:42 - return value - [121-61ф-112, 132-61ф-76, 136-61ф-104, ак-01, ак-01мп, ак-01ф, ак-02, ак-04, ак-11, ак-11мн, ак-11мп, ак-11ф, ак-12, ак-13, ак-91, ак-з01мп, ак-з11, ак-з11мп, ал-01, ал-01мн, ал-01мп, ал-01ф, ал-02, ал-03, ал-11, ал-11мн, ал-11мп, ал-11ф (ар), ал-11ф (ар), ал-13, ал-91, ал-93, ал-94, ал-в11ф, ал-з01, ал-з01мп, ал-з11 (), ал-з11 (), ал-з91, ал-з91мп, ал-п01, ал-п11, ам-01, ам-11, ам-81 (тпу), ам-81 (тпу), ам-91, ам-з11, ам-з91, ам-з91мп, ас-01, ас-01мп, ас-01ф, ас-02, ас-11, ас-11мп, ас-11ф, ас-12, ас-91, ас-92, ас-в11ф, ас-з01мп, ас-з11ф, ас-п01, ат-01, ат-11, ат-11мн, ат-11мп, ат-12, атд-11мп, ат-з11, ат-п11, бб-11, бб-11мн, бб-11мп, бб-11ф, бб-12, бб-12ф, бб-з11мп, бб-з11ф, бб-з12ф, бе-01, бе-01мн, бе-01мп, бе-01ф, бе-81, бе-91, бе-з01мп, бі-01, бі-01мн, бі-01мп, бі-11, бі-11мн, бі-11мп, бі-81, бі-в01ф, бі-в11ф, бі-з01мп, бі-з11, бі-з11мп]
2022-02-05 10:46:03 DEBUG LoggingAspect:31 - controller method completed successfully - getAllGroups
2022-02-05 10:46:04 DEBUG LoggingAspect:29 - controller method has been called - getAllGroups
2022-02-05 10:46:04 DEBUG LoggingAspect:37 - method call - List webservice.service.GroupManager.getGroupsName()
2022-02-05 10:46:04 DEBUG LoggingAspect:48 - reading json - readJsonFromUrl
2022-02-05 10:46:04 DEBUG LoggingAspect:53 - json data read successfully
2022-02-05 10:46:04 DEBUG LoggingAspect:41 - method - getGroupsName completed in 71 ms
2022-02-05 10:46:04 DEBUG LoggingAspect:42 - return value - [121-61ф-112, 132-61ф-76, 136-61ф-104, ак-01, ак-01мп, ак-01ф, ак-02, ак-04, ак-11, ак-11мн, ак-11мп, ак-11ф, ак-12, ак-13, ак-91, ак-з01мп, ак-з11, ак-з11мп, ал-01, ал-01мн, ал-01мп, ал-01ф, ал-02, ал-03, ал-11, ал-11мн, ал-11мп, ал-11ф (ар), ал-11ф (ар), ал-13, ал-91, ал-93, ал-94, ал-в11ф, ал-з01, ал-з01мп, ал-з11 (), ал-з11 (), ал-з91, ал-з91мп, ал-п01, ал-п11, ам-01, ам-11, ам-81 (тпу), ам-81 (тпу), ам-91, ам-з11, ам-з91, ам-з91мп, ас-01, ас-01мп, ас-01ф, ас-02, ас-11, ас-11мп, ас-11ф, ас-12, ас-91, ас-92, ас-в11ф, ас-з01мп, ас-з11ф, ас-п01, ат-01, ат-11, ат-11мн, ат-11мп, ат-12, атд-11мп, ат-з11, ат-п11, бб-11, бб-11мн, бб-11мп, бб-11ф, бб-12, бб-12ф, бб-з11мп, бб-з11ф, бб-з12ф, бе-01, бе-01мн, бе-01мп, бе-01ф, бе-81, бе-91, бе-з01мп, бі-01, бі-01мн, бі-01мп, бі-11, бі-11мн, бі-11мп, бі-81, бі-в01ф, бі-в11ф, бі-з01мп, бі-з11, бі-з11мп]
2022-02-05 10:46:04 DEBUG LoggingAspect:31 - controller method completed successfully - getAllGroups
2022-02-05 10:46:05 DEBUG LoggingAspect:29 - controller method has been called - getAllGroups
2022-02-05 10:46:05 DEBUG LoggingAspect:37 - method call - List webservice.service.GroupManager.getGroupsName()
2022-02-05 10:46:05 DEBUG LoggingAspect:48 - reading json - readJsonFromUrl
2022-02-05 10:46:05 DEBUG LoggingAspect:53 - json data read successfully
2022-02-05 10:46:05 DEBUG LoggingAspect:41 - method - getGroupsName completed in 71 ms
2022-02-05 10:46:05 DEBUG LoggingAspect:42 - return value - [121-61ф-112, 132-61ф-76, 136-61ф-104, ак-01, ак-01мп, ак-01ф, ак-02, ак-04, ак-11, ак-11мн, ак-11мп, ак-11ф, ак-12, ак-13, ак-91, ак-з01мп, ак-з11, ак-з11мп, ал-01, ал-01мн, ал-01мп, ал-01ф, ал-02, ал-03, ал-11, ал-11мн, ал-11мп, ал-11ф (ар), ал-11ф (ар), ал-13, ал-91, ал-93, ал-94, ал-в11ф, ал-з01, ал-з01мп, ал-з11 (), ал-з11 (), ал-з91, ал-з91мп, ал-п01, ал-п11, ам-01, ам-11, ам-81 (тпу), ам-81 (тпу), ам-91, ам-з11, ам-з91, ам-з91мп, ас-01, ас-01мп, ас-01ф, ас-02, ас-11, ас-11мп, ас-11ф, ас-12, ас-91, ас-92, ас-в11ф, ас-з01мп, ас-з11ф, ас-п01, ат-01, ат-11, ат-11мн, ат-11мп, ат-12, атд-11мп, ат-з11, ат-п11, бб-11, бб-11мн, бб-11мп, бб-11ф, бб-12, бб-12ф, бб-з11мп, бб-з11ф, бб-з12ф, бе-01, бе-01мн, бе-01мп, бе-01ф, бе-81, бе-91, бе-з01мп, бі-01, бі-01мн, бі-01мп, бі-11, бі-11мн, бі-11мп, бі-81, бі-в01ф, бі-в11ф, бі-з01мп, бі-з11, бі-з11мп]
2022-02-05 10:46:05 DEBUG LoggingAspect:31 - controller method completed successfully - getAllGroups
2022-02-05 10:46:38 DEBUG LoggingAspect:29 - controller method has been called - getAllGroups
2022-02-05 10:46:38 DEBUG LoggingAspect:37 - method call - List webservice.service.GroupManager.getGroupsName()
2022-02-05 10:46:38 DEBUG LoggingAspect:48 - reading json - readJsonFromUrl
2022-02-05 10:46:38 DEBUG LoggingAspect:53 - json data read successfully
2022-02-05 10:46:38 DEBUG LoggingAspect:41 - method - getGroupsName completed in 364 ms
2022-02-05 10:46:38 DEBUG LoggingAspect:42 - return value - [121-61ф-112, 132-61ф-76, 136-61ф-104, ак-01, ак-01мп, ак-01ф, ак-02, ак-04, ак-11, ак-11мн, ак-11мп, ак-11ф, ак-12, ак-13, ак-91, ак-з01мп, ак-з11, ак-з11мп, ал-01, ал-01мн, ал-01мп, ал-01ф, ал-02, ал-03, ал-11, ал-11мн, ал-11мп, ал-11ф (ар), ал-11ф (ар), ал-13, ал-91, ал-93, ал-94, ал-в11ф, ал-з01, ал-з01мп, ал-з11 (), ал-з11 (), ал-з91, ал-з91мп, ал-п01, ал-п11, ам-01, ам-11, ам-81 (тпу), ам-81 (тпу), ам-91, ам-з11, ам-з91, ам-з91мп, ас-01, ас-01мп, ас-01ф, ас-02, ас-11, ас-11мп, ас-11ф, ас-12, ас-91, ас-92, ас-в11ф, ас-з01мп, ас-з11ф, ас-п01, ат-01, ат-11, ат-11мн, ат-11мп, ат-12, атд-11мп, ат-з11, ат-п11, бб-11, бб-11мн, бб-11мп, бб-11ф, бб-12, бб-12ф, бб-з11мп, бб-з11ф, бб-з12ф, бе-01, бе-01мн, бе-01мп, бе-01ф, бе-81, бе-91, бе-з01мп, бі-01, бі-01мн, бі-01мп, бі-11, бі-11мн, бі-11мп, бі-81, бі-в01ф, бі-в11ф, бі-з01мп, бі-з11, бі-з11мп]
2022-02-05 10:46:38 DEBUG LoggingAspect:31 - controller method completed successfully - getAllGroups
2022-02-05 10:46:39 DEBUG LoggingAspect:29 - controller method has been called - getAllGroups
2022-02-05 10:46:39 DEBUG LoggingAspect:37 - method call - List webservice.service.GroupManager.getGroupsName()
2022-02-05 10:46:39 DEBUG LoggingAspect:48 - reading json - readJsonFromUrl
2022-02-05 10:46:39 DEBUG LoggingAspect:53 - json data read successfully
2022-02-05 10:46:39 DEBUG LoggingAspect:41 - method - getGroupsName completed in 80 ms
2022-02-05 10:46:39 DEBUG LoggingAspect:42 - return value - [121-61ф-112, 132-61ф-76, 136-61ф-104, ак-01, ак-01мп, ак-01ф, ак-02, ак-04, ак-11, ак-11мн, ак-11мп, ак-11ф, ак-12, ак-13, ак-91, ак-з01мп, ак-з11, ак-з11мп, ал-01, ал-01мн, ал-01мп, ал-01ф, ал-02, ал-03, ал-11, ал-11мн, ал-11мп, ал-11ф (ар), ал-11ф (ар), ал-13, ал-91, ал-93, ал-94, ал-в11ф, ал-з01, ал-з01мп, ал-з11 (), ал-з11 (), ал-з91, ал-з91мп, ал-п01, ал-п11, ам-01, ам-11, ам-81 (тпу), ам-81 (тпу), ам-91, ам-з11, ам-з91, ам-з91мп, ас-01, ас-01мп, ас-01ф, ас-02, ас-11, ас-11мп, ас-11ф, ас-12, ас-91, ас-92, ас-в11ф, ас-з01мп, ас-з11ф, ас-п01, ат-01, ат-11, ат-11мн, ат-11мп, ат-12, атд-11мп, ат-з11, ат-п11, бб-11, бб-11мн, бб-11мп, бб-11ф, бб-12, бб-12ф, бб-з11мп, бб-з11ф, бб-з12ф, бе-01, бе-01мн, бе-01мп, бе-01ф, бе-81, бе-91, бе-з01мп, бі-01, бі-01мн, бі-01мп, бі-11, бі-11мн, бі-11мп, бі-81, бі-в01ф, бі-в11ф, бі-з01мп, бі-з11, бі-з11мп]
2022-02-05 10:46:39 DEBUG LoggingAspect:31 - controller method completed successfully - getAllGroups
2022-02-05 10:46:41 DEBUG LoggingAspect:29 - controller method has been called - getAllGroups
2022-02-05 10:46:41 DEBUG LoggingAspect:37 - method call - List webservice.service.GroupManager.getGroupsName()
2022-02-05 10:46:41 DEBUG LoggingAspect:48 - reading json - readJsonFromUrl
2022-02-05 10:46:41 DEBUG LoggingAspect:53 - json data read successfully
2022-02-05 10:46:41 DEBUG LoggingAspect:41 - method - getGroupsName completed in 78 ms
2022-02-05 10:46:41 DEBUG LoggingAspect:42 - return value - [121-61ф-112, 132-61ф-76, 136-61ф-104, ак-01, ак-01мп, ак-01ф, ак-02, ак-04, ак-11, ак-11мн, ак-11мп, ак-11ф, ак-12, ак-13, ак-91, ак-з01мп, ак-з11, ак-з11мп, ал-01, ал-01мн, ал-01мп, ал-01ф, ал-02, ал-03, ал-11, ал-11мн, ал-11мп, ал-11ф (ар), ал-11ф (ар), ал-13, ал-91, ал-93, ал-94, ал-в11ф, ал-з01, ал-з01мп, ал-з11 (), ал-з11 (), ал-з91, ал-з91мп, ал-п01, ал-п11, ам-01, ам-11, ам-81 (тпу), ам-81 (тпу), ам-91, ам-з11, ам-з91, ам-з91мп, ас-01, ас-01мп, ас-01ф, ас-02, ас-11, ас-11мп, ас-11ф, ас-12, ас-91, ас-92, ас-в11ф, ас-з01мп, ас-з11ф, ас-п01, ат-01, ат-11, ат-11мн, ат-11мп, ат-12, атд-11мп, ат-з11, ат-п11, бб-11, бб-11мн, бб-11мп, бб-11ф, бб-12, бб-12ф, бб-з11мп, бб-з11ф, бб-з12ф, бе-01, бе-01мн, бе-01мп, бе-01ф, бе-81, бе-91, бе-з01мп, бі-01, бі-01мн, бі-01мп, бі-11, бі-11мн, бі-11мп, бі-81, бі-в01ф, бі-в11ф, бі-з01мп, бі-з11, бі-з11мп]
2022-02-05 10:46:41 DEBUG LoggingAspect:31 - controller method completed successfully - getAllGroups
2022-02-05 10:52:35 DEBUG LoggingAspect:29 - controller method has been called - getAllGroups
2022-02-05 10:52:35 DEBUG LoggingAspect:37 - method call - List webservice.service.GroupManager.getGroupsName()
2022-02-05 10:52:35 DEBUG LoggingAspect:48 - reading json - readJsonFromUrl
2022-02-05 10:52:35 DEBUG LoggingAspect:53 - json data read successfully
2022-02-05 10:52:35 DEBUG LoggingAspect:41 - method - getGroupsName completed in 345 ms
2022-02-05 10:52:35 DEBUG LoggingAspect:42 - return value - [121-61ф-112, 132-61ф-76, 136-61ф-104, ак-01, ак-01мп, ак-01ф, ак-02, ак-04, ак-11, ак-11мн, ак-11мп, ак-11ф, ак-12, ак-13, ак-91, ак-з01мп, ак-з11, ак-з11мп, ал-01, ал-01мн, ал-01мп, ал-01ф, ал-02, ал-03, ал-11, ал-11мн, ал-11мп, ал-11ф (ар), ал-11ф (ар), ал-13, ал-91, ал-93, ал-94, ал-в11ф, ал-з01, ал-з01мп, ал-з11 (), ал-з11 (), ал-з91, ал-з91мп, ал-п01, ал-п11, ам-01, ам-11, ам-81 (тпу), ам-81 (тпу), ам-91, ам-з11, ам-з91, ам-з91мп, ас-01, ас-01мп, ас-01ф, ас-02, ас-11, ас-11мп, ас-11ф, ас-12, ас-91, ас-92, ас-в11ф, ас-з01мп, ас-з11ф, ас-п01, ат-01, ат-11, ат-11мн, ат-11мп, ат-12, атд-11мп, ат-з11, ат-п11, бб-11, бб-11мн, бб-11мп, бб-11ф, бб-12, бб-12ф, бб-з11мп, бб-з11ф, бб-з12ф, бе-01, бе-01мн, бе-01мп, бе-01ф, бе-81, бе-91, бе-з01мп, бі-01, бі-01мн, бі-01мп, бі-11, бі-11мн, бі-11мп, бі-81, бі-в01ф, бі-в11ф, бі-з01мп, бі-з11, бі-з11мп]
2022-02-05 10:52:35 DEBUG LoggingAspect:31 - controller method completed successfully - getAllGroups
2022-02-05 10:52:36 DEBUG LoggingAspect:29 - controller method has been called - getAllGroups
2022-02-05 10:52:36 DEBUG LoggingAspect:37 - method call - List webservice.service.GroupManager.getGroupsName()
2022-02-05 10:52:36 DEBUG LoggingAspect:48 - reading json - readJsonFromUrl
2022-02-05 10:52:36 DEBUG LoggingAspect:53 - json data read successfully
2022-02-05 10:52:36 DEBUG LoggingAspect:41 - method - getGroupsName completed in 84 ms
2022-02-05 10:52:36 DEBUG LoggingAspect:42 - return value - [121-61ф-112, 132-61ф-76, 136-61ф-104, ак-01, ак-01мп, ак-01ф, ак-02, ак-04, ак-11, ак-11мн, ак-11мп, ак-11ф, ак-12, ак-13, ак-91, ак-з01мп, ак-з11, ак-з11мп, ал-01, ал-01мн, ал-01мп, ал-01ф, ал-02, ал-03, ал-11, ал-11мн, ал-11мп, ал-11ф (ар), ал-11ф (ар), ал-13, ал-91, ал-93, ал-94, ал-в11ф, ал-з01, ал-з01мп, ал-з11 (), ал-з11 (), ал-з91, ал-з91мп, ал-п01, ал-п11, ам-01, ам-11, ам-81 (тпу), ам-81 (тпу), ам-91, ам-з11, ам-з91, ам-з91мп, ас-01, ас-01мп, ас-01ф, ас-02, ас-11, ас-11мп, ас-11ф, ас-12, ас-91, ас-92, ас-в11ф, ас-з01мп, ас-з11ф, ас-п01, ат-01, ат-11, ат-11мн, ат-11мп, ат-12, атд-11мп, ат-з11, ат-п11, бб-11, бб-11мн, бб-11мп, бб-11ф, бб-12, бб-12ф, бб-з11мп, бб-з11ф, бб-з12ф, бе-01, бе-01мн, бе-01мп, бе-01ф, бе-81, бе-91, бе-з01мп, бі-01, бі-01мн, бі-01мп, бі-11, бі-11мн, бі-11мп, бі-81, бі-в01ф, бі-в11ф, бі-з01мп, бі-з11, бі-з11мп]
2022-02-05 10:52:36 DEBUG LoggingAspect:31 - controller method completed successfully - getAllGroups
2022-02-05 10:52:37 DEBUG LoggingAspect:29 - controller method has been called - getAllGroups
2022-02-05 10:52:37 DEBUG LoggingAspect:37 - method call - List webservice.service.GroupManager.getGroupsName()
2022-02-05 10:52:37 DEBUG LoggingAspect:48 - reading json - readJsonFromUrl
2022-02-05 10:52:37 DEBUG LoggingAspect:53 - json data read successfully
2022-02-05 10:52:37 DEBUG LoggingAspect:41 - method - getGroupsName completed in 73 ms
2022-02-05 10:52:37 DEBUG LoggingAspect:42 - return value - [121-61ф-112, 132-61ф-76, 136-61ф-104, ак-01, ак-01мп, ак-01ф, ак-02, ак-04, ак-11, ак-11мн, ак-11мп, ак-11ф, ак-12, ак-13, ак-91, ак-з01мп, ак-з11, ак-з11мп, ал-01, ал-01мн, ал-01мп, ал-01ф, ал-02, ал-03, ал-11, ал-11мн, ал-11мп, ал-11ф (ар), ал-11ф (ар), ал-13, ал-91, ал-93, ал-94, ал-в11ф, ал-з01, ал-з01мп, ал-з11 (), ал-з11 (), ал-з91, ал-з91мп, ал-п01, ал-п11, ам-01, ам-11, ам-81 (тпу), ам-81 (тпу), ам-91, ам-з11, ам-з91, ам-з91мп, ас-01, ас-01мп, ас-01ф, ас-02, ас-11, ас-11мп, ас-11ф, ас-12, ас-91, ас-92, ас-в11ф, ас-з01мп, ас-з11ф, ас-п01, ат-01, ат-11, ат-11мн, ат-11мп, ат-12, атд-11мп, ат-з11, ат-п11, бб-11, бб-11мн, бб-11мп, бб-11ф, бб-12, бб-12ф, бб-з11мп, бб-з11ф, бб-з12ф, бе-01, бе-01мн, бе-01мп, бе-01ф, бе-81, бе-91, бе-з01мп, бі-01, бі-01мн, бі-01мп, бі-11, бі-11мн, бі-11мп, бі-81, бі-в01ф, бі-в11ф, бі-з01мп, бі-з11, бі-з11мп]
2022-02-05 10:52:37 DEBUG LoggingAspect:31 - controller method completed successfully - getAllGroups
2022-02-05 10:52:38 DEBUG LoggingAspect:29 - controller method has been called - getAllGroups
2022-02-05 10:52:38 DEBUG LoggingAspect:37 - method call - List webservice.service.GroupManager.getGroupsName()
2022-02-05 10:52:38 DEBUG LoggingAspect:48 - reading json - readJsonFromUrl
2022-02-05 10:52:38 DEBUG LoggingAspect:53 - json data read successfully
2022-02-05 10:52:38 DEBUG LoggingAspect:41 - method - getGroupsName completed in 72 ms
2022-02-05 10:52:38 DEBUG LoggingAspect:42 - return value - [121-61ф-112, 132-61ф-76, 136-61ф-104, ак-01, ак-01мп, ак-01ф, ак-02, ак-04, ак-11, ак-11мн, ак-11мп, ак-11ф, ак-12, ак-13, ак-91, ак-з01мп, ак-з11, ак-з11мп, ал-01, ал-01мн, ал-01мп, ал-01ф, ал-02, ал-03, ал-11, ал-11мн, ал-11мп, ал-11ф (ар), ал-11ф (ар), ал-13, ал-91, ал-93, ал-94, ал-в11ф, ал-з01, ал-з01мп, ал-з11 (), ал-з11 (), ал-з91, ал-з91мп, ал-п01, ал-п11, ам-01, ам-11, ам-81 (тпу), ам-81 (тпу), ам-91, ам-з11, ам-з91, ам-з91мп, ас-01, ас-01мп, ас-01ф, ас-02, ас-11, ас-11мп, ас-11ф, ас-12, ас-91, ас-92, ас-в11ф, ас-з01мп, ас-з11ф, ас-п01, ат-01, ат-11, ат-11мн, ат-11мп, ат-12, атд-11мп, ат-з11, ат-п11, бб-11, бб-11мн, бб-11мп, бб-11ф, бб-12, бб-12ф, бб-з11мп, бб-з11ф, бб-з12ф, бе-01, бе-01мн, бе-01мп, бе-01ф, бе-81, бе-91, бе-з01мп, бі-01, бі-01мн, бі-01мп, бі-11, бі-11мн, бі-11мп, бі-81, бі-в01ф, бі-в11ф, бі-з01мп, бі-з11, бі-з11мп]
2022-02-05 10:52:38 DEBUG LoggingAspect:31 - controller method completed successfully - getAllGroups
2022-02-05 10:52:39 DEBUG LoggingAspect:29 - controller method has been called - getAllGroups
2022-02-05 10:52:39 DEBUG LoggingAspect:37 - method call - List webservice.service.GroupManager.getGroupsName()
2022-02-05 10:52:39 DEBUG LoggingAspect:48 - reading json - readJsonFromUrl
2022-02-05 10:52:39 DEBUG LoggingAspect:53 - json data read successfully
2022-02-05 10:52:39 DEBUG LoggingAspect:41 - method - getGroupsName completed in 70 ms
2022-02-05 10:52:39 DEBUG LoggingAspect:42 - return value - [121-61ф-112, 132-61ф-76, 136-61ф-104, ак-01, ак-01мп, ак-01ф, ак-02, ак-04, ак-11, ак-11мн, ак-11мп, ак-11ф, ак-12, ак-13, ак-91, ак-з01мп, ак-з11, ак-з11мп, ал-01, ал-01мн, ал-01мп, ал-01ф, ал-02, ал-03, ал-11, ал-11мн, ал-11мп, ал-11ф (ар), ал-11ф (ар), ал-13, ал-91, ал-93, ал-94, ал-в11ф, ал-з01, ал-з01мп, ал-з11 (), ал-з11 (), ал-з91, ал-з91мп, ал-п01, ал-п11, ам-01, ам-11, ам-81 (тпу), ам-81 (тпу), ам-91, ам-з11, ам-з91, ам-з91мп, ас-01, ас-01мп, ас-01ф, ас-02, ас-11, ас-11мп, ас-11ф, ас-12, ас-91, ас-92, ас-в11ф, ас-з01мп, ас-з11ф, ас-п01, ат-01, ат-11, ат-11мн, ат-11мп, ат-12, атд-11мп, ат-з11, ат-п11, бб-11, бб-11мн, бб-11мп, бб-11ф, бб-12, бб-12ф, бб-з11мп, бб-з11ф, бб-з12ф, бе-01, бе-01мн, бе-01мп, бе-01ф, бе-81, бе-91, бе-з01мп, бі-01, бі-01мн, бі-01мп, бі-11, бі-11мн, бі-11мп, бі-81, бі-в01ф, бі-в11ф, бі-з01мп, бі-з11, бі-з11мп]
2022-02-05 10:52:39 DEBUG LoggingAspect:31 - controller method completed successfully - getAllGroups
2022-02-05 10:57:06 DEBUG LoggingAspect:29 - controller method has been called - getAllGroups
2022-02-05 10:57:06 DEBUG LoggingAspect:37 - method call - List webservice.service.GroupManager.getGroupsName()
2022-02-05 10:57:06 DEBUG LoggingAspect:48 - reading json - readJsonFromUrl
2022-02-05 10:57:07 DEBUG LoggingAspect:53 - json data read successfully
2022-02-05 10:57:07 DEBUG LoggingAspect:41 - method - getGroupsName completed in 354 ms
2022-02-05 10:57:07 DEBUG LoggingAspect:42 - return value - [121-61ф-112, 132-61ф-76, 136-61ф-104, ак-01, ак-01мп, ак-01ф, ак-02, ак-04, ак-11, ак-11мн, ак-11мп, ак-11ф, ак-12, ак-13, ак-91, ак-з01мп, ак-з11, ак-з11мп, ал-01, ал-01мн, ал-01мп, ал-01ф, ал-02, ал-03, ал-11, ал-11мн, ал-11мп, ал-11ф (ар), ал-11ф (ар), ал-13, ал-91, ал-93, ал-94, ал-в11ф, ал-з01, ал-з01мп, ал-з11 (), ал-з11 (), ал-з91, ал-з91мп, ал-п01, ал-п11, ам-01, ам-11, ам-81 (тпу), ам-81 (тпу), ам-91, ам-з11, ам-з91, ам-з91мп, ас-01, ас-01мп, ас-01ф, ас-02, ас-11, ас-11мп, ас-11ф, ас-12, ас-91, ас-92, ас-в11ф, ас-з01мп, ас-з11ф, ас-п01, ат-01, ат-11, ат-11мн, ат-11мп, ат-12, атд-11мп, ат-з11, ат-п11, бб-11, бб-11мн, бб-11мп, бб-11ф, бб-12, бб-12ф, бб-з11мп, бб-з11ф, бб-з12ф, бе-01, бе-01мн, бе-01мп, бе-01ф, бе-81, бе-91, бе-з01мп, бі-01, бі-01мн, бі-01мп, бі-11, бі-11мн, бі-11мп, бі-81, бі-в01ф, бі-в11ф, бі-з01мп, бі-з11, бі-з11мп]
2022-02-05 10:57:07 DEBUG LoggingAspect:31 - controller method completed successfully - getAllGroups
2022-02-05 10:57:08 DEBUG LoggingAspect:29 - controller method has been called - getAllGroups
2022-02-05 10:57:08 DEBUG LoggingAspect:31 - controller method completed successfully - getAllGroups
2022-02-05 10:57:09 DEBUG LoggingAspect:29 - controller method has been called - getAllGroups
2022-02-05 10:57:09 DEBUG LoggingAspect:31 - controller method completed successfully - getAllGroups
2022-02-05 10:57:10 DEBUG LoggingAspect:29 - controller method has been called - getAllGroups
2022-02-05 10:57:10 DEBUG LoggingAspect:31 - controller method completed successfully - getAllGroups
